<?xml version="1.0" encoding="UTF-8"?>
<testng-results skipped="0" failed="0" ignored="0" total="1" passed="1">
  <reporter-output>
  </reporter-output>
  <suite name="Default suite" duration-ms="141" started-at="2019-11-06T17:43:18Z" finished-at="2019-11-06T17:43:18Z">
    <groups>
    </groups>
    <test name="Default test" duration-ms="141" started-at="2019-11-06T17:43:18Z" finished-at="2019-11-06T17:43:18Z">
      <class name="FileHandling.ReadFileDisplayData">
        <test-method status="PASS" signature="readDataFromFile()[pri:0, instance:FileHandling.ReadFileDisplayData@27efef64]" name="readDataFromFile" duration-ms="77" started-at="2019-11-06T17:43:18Z" finished-at="2019-11-06T17:43:18Z">
          <reporter-output>
          </reporter-output>
        </test-method> <!-- readDataFromFile -->
      </class> <!-- FileHandling.ReadFileDisplayData -->
    </test> <!-- Default test -->
  </suite> <!-- Default suite -->
</testng-results>
